<?xml version="1.0" encoding="UTF-8"?>
<coverage generated="1421099437">
  <project timestamp="1421099437">
    <package name="Shape">
      <file name="/Users/holingpoon/devl/php/Shapes/src/Shape.php">
        <class name="Shape" namespace="Shape" fullPackage="Shape" package="Shape">
          <metrics methods="4" coveredmethods="4" conditionals="0" coveredconditionals="0" statements="4" coveredstatements="4" elements="8" coveredelements="8"/>
        </class>
        <line num="33" type="method" name="__construct" crap="1" count="5"/>
        <line num="36" type="stmt" count="5"/>
        <line num="41" type="method" name="__destruct" crap="1" count="1"/>
        <line num="44" type="stmt" count="1"/>
        <line num="50" type="method" name="getArea" crap="1" count="1"/>
        <line num="52" type="stmt" count="1"/>
        <line num="59" type="method" name="getPerimeter" crap="1" count="1"/>
        <line num="61" type="stmt" count="1"/>
        <metrics loc="62" ncloc="23" classes="1" methods="4" coveredmethods="4" conditionals="0" coveredconditionals="0" statements="4" coveredstatements="4" elements="8" coveredelements="8"/>
      </file>
      <file name="/Users/holingpoon/devl/php/Shapes/src/Triangle.php">
        <class name="Triangle" namespace="Shape" fullPackage="Shape" package="Shape">
          <metrics methods="4" coveredmethods="4" conditionals="0" coveredconditionals="0" statements="11" coveredstatements="11" elements="15" coveredelements="15"/>
        </class>
        <line num="33" type="method" name="__construct" crap="1" count="5"/>
        <line num="35" type="stmt" count="5"/>
        <line num="36" type="stmt" count="5"/>
        <line num="37" type="stmt" count="5"/>
        <line num="38" type="stmt" count="5"/>
        <line num="40" type="stmt" count="5"/>
        <line num="45" type="method" name="__destruct" crap="1" count="1"/>
        <line num="49" type="stmt" count="1"/>
        <line num="50" type="stmt" count="1"/>
        <line num="58" type="method" name="setArea" crap="1" count="5"/>
        <line num="60" type="stmt" count="5"/>
        <line num="61" type="stmt" count="5"/>
        <line num="70" type="method" name="setPerimeter" crap="1" count="1"/>
        <line num="72" type="stmt" count="1"/>
        <line num="73" type="stmt" count="1"/>
        <line num="79" type="stmt" count="1"/>
        <metrics loc="78" ncloc="32" classes="1" methods="4" coveredmethods="4" conditionals="0" coveredconditionals="0" statements="11" coveredstatements="11" elements="15" coveredelements="15"/>
      </file>
    </package>
    <file name="/Users/holingpoon/devl/php/Shapes/vendor/mockery/mockery/library/Mockery.php">
      <class name="Mockery" namespace="global">
        <metrics methods="43" coveredmethods="9" conditionals="0" coveredconditionals="0" statements="203" coveredstatements="62" elements="246" coveredelements="71"/>
      </class>
      <line num="70" type="method" name="mock" crap="1" count="1"/>
      <line num="72" type="stmt" count="1"/>
      <line num="74" type="stmt" count="1"/>
      <line num="80" type="method" name="spy" crap="2" count="0"/>
      <line num="82" type="stmt" count="0"/>
      <line num="83" type="stmt" count="0"/>
      <line num="89" type="method" name="instanceMock" crap="2" count="0"/>
      <line num="91" type="stmt" count="0"/>
      <line num="93" type="stmt" count="0"/>
      <line num="101" type="method" name="namedMock" crap="2" count="0"/>
      <line num="103" type="stmt" count="0"/>
      <line num="104" type="stmt" count="0"/>
      <line num="106" type="stmt" count="0"/>
      <line num="107" type="stmt" count="0"/>
      <line num="109" type="stmt" count="0"/>
      <line num="111" type="stmt" count="0"/>
      <line num="121" type="method" name="self" crap="6" count="0"/>
      <line num="123" type="stmt" count="0"/>
      <line num="124" type="stmt" count="0"/>
      <line num="127" type="stmt" count="0"/>
      <line num="136" type="method" name="close" crap="2" count="5"/>
      <line num="138" type="stmt" count="5"/>
      <line num="140" type="stmt" count="1"/>
      <line num="141" type="stmt" count="1"/>
      <line num="142" type="stmt" count="1"/>
      <line num="143" type="stmt" count="1"/>
      <line num="152" type="method" name="fetchMock" crap="2" count="0"/>
      <line num="154" type="stmt" count="0"/>
      <line num="160" type="method" name="getContainer" crap="2" count="1"/>
      <line num="162" type="stmt" count="1"/>
      <line num="163" type="stmt" count="1"/>
      <line num="164" type="stmt" count="1"/>
      <line num="166" type="stmt" count="1"/>
      <line num="172" type="method" name="setGenerator" crap="2" count="0"/>
      <line num="174" type="stmt" count="0"/>
      <line num="175" type="stmt" count="0"/>
      <line num="177" type="method" name="getGenerator" crap="2" count="1"/>
      <line num="179" type="stmt" count="1"/>
      <line num="180" type="stmt" count="1"/>
      <line num="181" type="stmt" count="1"/>
      <line num="183" type="stmt" count="1"/>
      <line num="186" type="method" name="getDefaultGenerator" crap="1" count="1"/>
      <line num="188" type="stmt" count="1"/>
      <line num="189" type="stmt" count="1"/>
      <line num="190" type="stmt" count="1"/>
      <line num="191" type="stmt" count="1"/>
      <line num="192" type="stmt" count="1"/>
      <line num="193" type="stmt" count="1"/>
      <line num="194" type="stmt" count="1"/>
      <line num="195" type="stmt" count="1"/>
      <line num="196" type="stmt" count="1"/>
      <line num="197" type="stmt" count="1"/>
      <line num="199" type="stmt" count="1"/>
      <line num="205" type="method" name="setLoader" crap="2" count="0"/>
      <line num="207" type="stmt" count="0"/>
      <line num="208" type="stmt" count="0"/>
      <line num="213" type="method" name="getLoader" crap="2" count="1"/>
      <line num="215" type="stmt" count="1"/>
      <line num="216" type="stmt" count="1"/>
      <line num="217" type="stmt" count="1"/>
      <line num="219" type="stmt" count="1"/>
      <line num="225" type="method" name="getDefaultLoader" crap="1" count="1"/>
      <line num="227" type="stmt" count="1"/>
      <line num="237" type="method" name="setContainer" crap="2" count="0"/>
      <line num="239" type="stmt" count="0"/>
      <line num="245" type="method" name="resetContainer" crap="2" count="0"/>
      <line num="247" type="stmt" count="0"/>
      <line num="248" type="stmt" count="0"/>
      <line num="255" type="method" name="any" crap="2" count="0"/>
      <line num="257" type="stmt" count="0"/>
      <line num="267" type="method" name="type" crap="2" count="0"/>
      <line num="269" type="stmt" count="0"/>
      <line num="277" type="method" name="ducktype" crap="2" count="0"/>
      <line num="279" type="stmt" count="0"/>
      <line num="289" type="method" name="subset" crap="2" count="0"/>
      <line num="291" type="stmt" count="0"/>
      <line num="299" type="method" name="contains" crap="2" count="0"/>
      <line num="301" type="stmt" count="0"/>
      <line num="311" type="method" name="hasKey" crap="2" count="0"/>
      <line num="313" type="stmt" count="0"/>
      <line num="323" type="method" name="hasValue" crap="2" count="0"/>
      <line num="325" type="stmt" count="0"/>
      <line num="335" type="method" name="on" crap="2" count="0"/>
      <line num="337" type="stmt" count="0"/>
      <line num="347" type="method" name="mustBe" crap="2" count="0"/>
      <line num="349" type="stmt" count="0"/>
      <line num="359" type="method" name="not" crap="2" count="0"/>
      <line num="361" type="stmt" count="0"/>
      <line num="369" type="method" name="anyOf" crap="2" count="0"/>
      <line num="371" type="stmt" count="0"/>
      <line num="379" type="method" name="notAnyOf" crap="2" count="0"/>
      <line num="381" type="stmt" count="0"/>
      <line num="387" type="method" name="getConfiguration" crap="2" count="1"/>
      <line num="389" type="stmt" count="1"/>
      <line num="390" type="stmt" count="1"/>
      <line num="391" type="stmt" count="1"/>
      <line num="393" type="stmt" count="1"/>
      <line num="404" type="method" name="formatArgs" crap="12" count="0"/>
      <line num="406" type="stmt" count="0"/>
      <line num="407" type="stmt" count="0"/>
      <line num="410" type="stmt" count="0"/>
      <line num="411" type="stmt" count="0"/>
      <line num="412" type="stmt" count="0"/>
      <line num="413" type="stmt" count="0"/>
      <line num="415" type="stmt" count="0"/>
      <line num="418" type="method" name="formatArgument" crap="156" count="0"/>
      <line num="420" type="stmt" count="0"/>
      <line num="421" type="stmt" count="0"/>
      <line num="424" type="stmt" count="0"/>
      <line num="425" type="stmt" count="0"/>
      <line num="428" type="stmt" count="0"/>
      <line num="429" type="stmt" count="0"/>
      <line num="430" type="stmt" count="0"/>
      <line num="431" type="stmt" count="0"/>
      <line num="432" type="stmt" count="0"/>
      <line num="433" type="stmt" count="0"/>
      <line num="434" type="stmt" count="0"/>
      <line num="435" type="stmt" count="0"/>
      <line num="436" type="stmt" count="0"/>
      <line num="439" type="stmt" count="0"/>
      <line num="442" type="stmt" count="0"/>
      <line num="443" type="stmt" count="0"/>
      <line num="446" type="stmt" count="0"/>
      <line num="447" type="stmt" count="0"/>
      <line num="450" type="stmt" count="0"/>
      <line num="452" type="stmt" count="0"/>
      <line num="462" type="method" name="formatObjects" crap="30" count="0"/>
      <line num="464" type="stmt" count="0"/>
      <line num="466" type="stmt" count="0"/>
      <line num="467" type="stmt" count="0"/>
      <line num="470" type="stmt" count="0"/>
      <line num="471" type="stmt" count="0"/>
      <line num="474" type="stmt" count="0"/>
      <line num="475" type="stmt" count="0"/>
      <line num="476" type="stmt" count="0"/>
      <line num="479" type="stmt" count="0"/>
      <line num="480" type="stmt" count="0"/>
      <line num="482" type="stmt" count="0"/>
      <line num="483" type="stmt" count="0"/>
      <line num="484" type="stmt" count="0"/>
      <line num="486" type="stmt" count="0"/>
      <line num="488" type="stmt" count="0"/>
      <line num="499" type="method" name="objectToArray" crap="6" count="0"/>
      <line num="501" type="stmt" count="0"/>
      <line num="502" type="stmt" count="0"/>
      <line num="506" type="stmt" count="0"/>
      <line num="507" type="stmt" count="0"/>
      <line num="508" type="stmt" count="0"/>
      <line num="509" type="stmt" count="0"/>
      <line num="520" type="method" name="extractInstancePublicProperties" crap="6" count="0"/>
      <line num="522" type="stmt" count="0"/>
      <line num="523" type="stmt" count="0"/>
      <line num="524" type="stmt" count="0"/>
      <line num="526" type="stmt" count="0"/>
      <line num="527" type="stmt" count="0"/>
      <line num="528" type="stmt" count="0"/>
      <line num="529" type="stmt" count="0"/>
      <line num="531" type="stmt" count="0"/>
      <line num="542" type="method" name="extractGetters" crap="42" count="0"/>
      <line num="544" type="stmt" count="0"/>
      <line num="545" type="stmt" count="0"/>
      <line num="546" type="stmt" count="0"/>
      <line num="548" type="stmt" count="0"/>
      <line num="549" type="stmt" count="0"/>
      <line num="550" type="stmt" count="0"/>
      <line num="552" type="stmt" count="0"/>
      <line num="553" type="stmt" count="0"/>
      <line num="557" type="stmt" count="0"/>
      <line num="558" type="stmt" count="0"/>
      <line num="559" type="stmt" count="0"/>
      <line num="561" type="stmt" count="0"/>
      <line num="563" type="stmt" count="0"/>
      <line num="566" type="method" name="cleanupNesting" crap="12" count="0"/>
      <line num="568" type="stmt" count="0"/>
      <line num="569" type="stmt" count="0"/>
      <line num="570" type="stmt" count="0"/>
      <line num="572" type="stmt" count="0"/>
      <line num="575" type="stmt" count="0"/>
      <line num="576" type="stmt" count="0"/>
      <line num="579" type="stmt" count="0"/>
      <line num="582" type="method" name="cleanupArray" crap="30" count="0"/>
      <line num="584" type="stmt" count="0"/>
      <line num="585" type="stmt" count="0"/>
      <line num="588" type="stmt" count="0"/>
      <line num="589" type="stmt" count="0"/>
      <line num="590" type="stmt" count="0"/>
      <line num="591" type="stmt" count="0"/>
      <line num="592" type="stmt" count="0"/>
      <line num="593" type="stmt" count="0"/>
      <line num="594" type="stmt" count="0"/>
      <line num="596" type="stmt" count="0"/>
      <line num="608" type="method" name="parseShouldReturnArgs" crap="5.73" count="1"/>
      <line num="610" type="stmt" count="1"/>
      <line num="612" type="stmt" count="1"/>
      <line num="613" type="stmt" count="1"/>
      <line num="614" type="stmt" count="0"/>
      <line num="615" type="stmt" count="0"/>
      <line num="616" type="stmt" count="0"/>
      <line num="617" type="stmt" count="0"/>
      <line num="618" type="stmt" count="1"/>
      <line num="619" type="stmt" count="1"/>
      <line num="620" type="stmt" count="1"/>
      <line num="621" type="stmt" count="1"/>
      <line num="622" type="stmt" count="1"/>
      <line num="624" type="stmt" count="1"/>
      <line num="637" type="method" name="buildDemeterChain" crap="13.12" count="1"/>
      <line num="640" type="stmt" count="1"/>
      <line num="641" type="stmt" count="1"/>
      <line num="642" type="stmt" count="1"/>
      <line num="644" type="stmt" count="1"/>
      <line num="645" type="stmt" count="1"/>
      <line num="646" type="stmt" count="1"/>
      <line num="647" type="stmt" count="1"/>
      <line num="648" type="stmt" count="0"/>
      <line num="650" type="stmt" count="0"/>
      <line num="651" type="stmt" count="0"/>
      <line num="652" type="stmt" count="0"/>
      <line num="656" type="stmt" count="1"/>
      <line num="660" type="stmt" count="1"/>
      <line num="661" type="stmt" count="1"/>
      <line num="663" type="stmt" count="1"/>
      <line num="664" type="stmt" count="1"/>
      <line num="665" type="stmt" count="1"/>
      <line num="667" type="stmt" count="1"/>
      <line num="668" type="stmt" count="1"/>
      <line num="669" type="stmt" count="1"/>
      <line num="670" type="stmt" count="1"/>
      <line num="673" type="stmt" count="0"/>
      <line num="674" type="stmt" count="0"/>
      <line num="675" type="stmt" count="0"/>
      <line num="676" type="stmt" count="0"/>
      <line num="677" type="stmt" count="0"/>
      <line num="678" type="stmt" count="0"/>
      <line num="681" type="method" name="anonymous function" crap="2" count="0"/>
      <line num="682" type="stmt" count="0"/>
      <line num="683" type="stmt" count="0"/>
      <line num="684" type="stmt" count="0"/>
      <line num="686" type="stmt" count="1"/>
      <line num="696" type="method" name="getNewDemeterMock" crap="2" count="0"/>
      <line num="700" type="stmt" count="0"/>
      <line num="701" type="stmt" count="0"/>
      <line num="703" type="stmt" count="0"/>
      <line num="712" type="method" name="getExistingDemeterMock" crap="2" count="0"/>
      <line num="714" type="stmt" count="0"/>
      <line num="715" type="stmt" count="0"/>
      <line num="717" type="stmt" count="0"/>
      <line num="725" type="method" name="noMoreElementsInChain" crap="1" count="1"/>
      <line num="727" type="stmt" count="1"/>
      <metrics loc="729" ncloc="478" classes="1" methods="43" coveredmethods="9" conditionals="0" coveredconditionals="0" statements="205" coveredstatements="63" elements="248" coveredelements="72"/>
    </file>
    <package name="Mockery">
      <file name="/Users/holingpoon/devl/php/Shapes/vendor/mockery/mockery/library/Mockery/CompositeExpectation.php">
        <class name="CompositeExpectation" namespace="Mockery">
          <metrics methods="8" coveredmethods="3" conditionals="0" coveredconditionals="0" statements="25" coveredstatements="7" elements="33" coveredelements="10"/>
        </class>
        <line num="39" type="method" name="add" crap="1" count="1"/>
        <line num="41" type="stmt" count="1"/>
        <line num="42" type="stmt" count="1"/>
        <line num="44" type="method" name="andReturn" crap="1" count="1"/>
        <line num="46" type="stmt" count="1"/>
        <line num="56" type="method" name="__call" crap="2" count="1"/>
        <line num="58" type="stmt" count="1"/>
        <line num="59" type="stmt" count="1"/>
        <line num="60" type="stmt" count="1"/>
        <line num="61" type="stmt" count="1"/>
        <line num="69" type="method" name="getOrderNumber" crap="2" count="0"/>
        <line num="71" type="stmt" count="0"/>
        <line num="72" type="stmt" count="0"/>
        <line num="73" type="stmt" count="0"/>
        <line num="81" type="method" name="getMock" crap="2" count="0"/>
        <line num="83" type="stmt" count="0"/>
        <line num="84" type="stmt" count="0"/>
        <line num="85" type="stmt" count="0"/>
        <line num="93" type="method" name="mock" crap="2" count="0"/>
        <line num="95" type="stmt" count="0"/>
        <line num="104" type="method" name="shouldReceive" crap="2" count="0"/>
        <line num="106" type="stmt" count="0"/>
        <line num="107" type="stmt" count="0"/>
        <line num="108" type="stmt" count="0"/>
        <line num="109" type="stmt" count="0"/>
        <line num="117" type="method" name="__toString" crap="6" count="0"/>
        <line num="119" type="stmt" count="0"/>
        <line num="120" type="stmt" count="0"/>
        <line num="121" type="stmt" count="0"/>
        <line num="122" type="stmt" count="0"/>
        <line num="123" type="stmt" count="0"/>
        <line num="124" type="stmt" count="0"/>
        <line num="125" type="stmt" count="0"/>
        <metrics loc="128" ncloc="66" classes="1" methods="8" coveredmethods="3" conditionals="0" coveredconditionals="0" statements="25" coveredstatements="7" elements="33" coveredelements="10"/>
      </file>
      <file name="/Users/holingpoon/devl/php/Shapes/vendor/mockery/mockery/library/Mockery/Configuration.php">
        <class name="Configuration" namespace="Mockery">
          <metrics methods="8" coveredmethods="2" conditionals="0" coveredconditionals="0" statements="17" coveredstatements="2" elements="25" coveredelements="4"/>
        </class>
        <line num="56" type="method" name="allowMockingNonExistentMethods" crap="2" count="0"/>
        <line num="58" type="stmt" count="0"/>
        <line num="59" type="stmt" count="0"/>
        <line num="66" type="method" name="mockingNonExistentMethodsAllowed" crap="1" count="1"/>
        <line num="68" type="stmt" count="1"/>
        <line num="76" type="method" name="allowMockingMethodsUnnecessarily" crap="2" count="0"/>
        <line num="78" type="stmt" count="0"/>
        <line num="79" type="stmt" count="0"/>
        <line num="86" type="method" name="mockingMethodsUnnecessarilyAllowed" crap="2" count="0"/>
        <line num="88" type="stmt" count="0"/>
        <line num="99" type="method" name="setInternalClassMethodParamMap" crap="6" count="0"/>
        <line num="101" type="stmt" count="0"/>
        <line num="102" type="stmt" count="0"/>
        <line num="103" type="stmt" count="0"/>
        <line num="104" type="stmt" count="0"/>
        <line num="105" type="stmt" count="0"/>
        <line num="110" type="method" name="resetInternalClassMethodParamMaps" crap="2" count="0"/>
        <line num="112" type="stmt" count="0"/>
        <line num="113" type="stmt" count="0"/>
        <line num="120" type="method" name="getInternalClassMethodParamMap" crap="6" count="0"/>
        <line num="122" type="stmt" count="0"/>
        <line num="123" type="stmt" count="0"/>
        <line num="125" type="stmt" count="0"/>
        <line num="127" type="method" name="getInternalClassMethodParamMaps" crap="1" count="1"/>
        <line num="129" type="stmt" count="1"/>
        <metrics loc="132" ncloc="59" classes="1" methods="8" coveredmethods="2" conditionals="0" coveredconditionals="0" statements="17" coveredstatements="2" elements="25" coveredelements="4"/>
      </file>
      <file name="/Users/holingpoon/devl/php/Shapes/vendor/mockery/mockery/library/Mockery/Container.php">
        <class name="Container" namespace="Mockery">
          <metrics methods="24" coveredmethods="5" conditionals="0" coveredconditionals="0" statements="220" coveredstatements="67" elements="244" coveredelements="72"/>
        </class>
        <line num="74" type="method" name="__construct" crap="3" count="1"/>
        <line num="76" type="stmt" count="1"/>
        <line num="77" type="stmt" count="1"/>
        <line num="78" type="stmt" count="1"/>
        <line num="92" type="method" name="mock" crap="431.18" count="1"/>
        <line num="94" type="stmt" count="1"/>
        <line num="95" type="stmt" count="1"/>
        <line num="96" type="stmt" count="1"/>
        <line num="97" type="stmt" count="1"/>
        <line num="98" type="stmt" count="1"/>
        <line num="100" type="stmt" count="1"/>
        <line num="101" type="stmt" count="0"/>
        <line num="102" type="stmt" count="0"/>
        <line num="103" type="stmt" count="0"/>
        <line num="104" type="stmt" count="0"/>
        <line num="105" type="stmt" count="0"/>
        <line num="106" type="stmt" count="0"/>
        <line num="108" type="stmt" count="1"/>
        <line num="110" type="stmt" count="1"/>
        <line num="111" type="stmt" count="1"/>
        <line num="112" type="stmt" count="0"/>
        <line num="113" type="stmt" count="0"/>
        <line num="114" type="stmt" count="1"/>
        <line num="115" type="stmt" count="1"/>
        <line num="116" type="stmt" count="1"/>
        <line num="118" type="stmt" count="1"/>
        <line num="120" type="stmt" count="1"/>
        <line num="121" type="stmt" count="1"/>
        <line num="123" type="stmt" count="1"/>
        <line num="124" type="stmt" count="0"/>
        <line num="125" type="stmt" count="0"/>
        <line num="126" type="stmt" count="0"/>
        <line num="127" type="stmt" count="0"/>
        <line num="130" type="stmt" count="0"/>
        <line num="131" type="stmt" count="0"/>
        <line num="132" type="stmt" count="0"/>
        <line num="134" type="stmt" count="0"/>
        <line num="135" type="stmt" count="0"/>
        <line num="136" type="stmt" count="0"/>
        <line num="138" type="stmt" count="0"/>
        <line num="139" type="stmt" count="1"/>
        <line num="140" type="stmt" count="0"/>
        <line num="141" type="stmt" count="0"/>
        <line num="142" type="stmt" count="0"/>
        <line num="143" type="stmt" count="0"/>
        <line num="144" type="stmt" count="0"/>
        <line num="145" type="stmt" count="1"/>
        <line num="146" type="stmt" count="0"/>
        <line num="147" type="stmt" count="0"/>
        <line num="148" type="stmt" count="0"/>
        <line num="149" type="stmt" count="0"/>
        <line num="150" type="stmt" count="0"/>
        <line num="151" type="stmt" count="0"/>
        <line num="152" type="stmt" count="1"/>
        <line num="153" type="stmt" count="0"/>
        <line num="154" type="stmt" count="0"/>
        <line num="155" type="stmt" count="0"/>
        <line num="156" type="stmt" count="0"/>
        <line num="158" type="stmt" count="0"/>
        <line num="159" type="stmt" count="0"/>
        <line num="160" type="stmt" count="0"/>
        <line num="161" type="stmt" count="0"/>
        <line num="162" type="stmt" count="0"/>
        <line num="163" type="stmt" count="0"/>
        <line num="164" type="stmt" count="0"/>
        <line num="165" type="stmt" count="1"/>
        <line num="166" type="stmt" count="0"/>
        <line num="167" type="stmt" count="0"/>
        <line num="168" type="stmt" count="0"/>
        <line num="169" type="stmt" count="1"/>
        <line num="170" type="stmt" count="1"/>
        <line num="171" type="stmt" count="1"/>
        <line num="172" type="stmt" count="1"/>
        <line num="173" type="stmt" count="0"/>
        <line num="174" type="stmt" count="0"/>
        <line num="175" type="stmt" count="0"/>
        <line num="176" type="stmt" count="0"/>
        <line num="177" type="stmt" count="0"/>
        <line num="179" type="stmt" count="0"/>
        <line num="180" type="stmt" count="0"/>
        <line num="181" type="stmt" count="0"/>
        <line num="182" type="stmt" count="0"/>
        <line num="183" type="stmt" count="0"/>
        <line num="184" type="stmt" count="0"/>
        <line num="187" type="stmt" count="0"/>
        <line num="189" type="stmt" count="0"/>
        <line num="190" type="stmt" count="0"/>
        <line num="193" type="stmt" count="1"/>
        <line num="195" type="stmt" count="1"/>
        <line num="196" type="stmt" count="0"/>
        <line num="197" type="stmt" count="0"/>
        <line num="199" type="stmt" count="1"/>
        <line num="200" type="stmt" count="0"/>
        <line num="201" type="stmt" count="0"/>
        <line num="203" type="stmt" count="1"/>
        <line num="205" type="stmt" count="1"/>
        <line num="207" type="stmt" count="1"/>
        <line num="209" type="stmt" count="1"/>
        <line num="210" type="stmt" count="0"/>
        <line num="211" type="stmt" count="0"/>
        <line num="212" type="stmt" count="0"/>
        <line num="214" type="stmt" count="0"/>
        <line num="216" type="stmt" count="1"/>
        <line num="218" type="stmt" count="1"/>
        <line num="219" type="stmt" count="1"/>
        <line num="221" type="stmt" count="1"/>
        <line num="222" type="stmt" count="0"/>
        <line num="223" type="stmt" count="0"/>
        <line num="224" type="stmt" count="1"/>
        <line num="225" type="stmt" count="0"/>
        <line num="226" type="stmt" count="0"/>
        <line num="227" type="stmt" count="1"/>
        <line num="228" type="stmt" count="1"/>
        <line num="231" type="method" name="instanceMock" crap="2" count="0"/>
        <line num="234" type="stmt" count="0"/>
        <line num="236" type="method" name="getLoader" crap="1" count="1"/>
        <line num="238" type="stmt" count="1"/>
        <line num="241" type="method" name="getGenerator" crap="1" count="1"/>
        <line num="243" type="stmt" count="1"/>
        <line num="250" type="method" name="getKeyOfDemeterMockFor" crap="12" count="0"/>
        <line num="253" type="stmt" count="0"/>
        <line num="254" type="stmt" count="0"/>
        <line num="255" type="stmt" count="0"/>
        <line num="256" type="stmt" count="0"/>
        <line num="257" type="stmt" count="0"/>
        <line num="258" type="stmt" count="0"/>
        <line num="260" type="stmt" count="0"/>
        <line num="261" type="stmt" count="0"/>
        <line num="267" type="method" name="getMocks" crap="2" count="0"/>
        <line num="269" type="stmt" count="0"/>
        <line num="278" type="method" name="mockery_teardown" crap="2.26" count="1"/>
        <line num="281" type="stmt" count="1"/>
        <line num="282" type="stmt" count="1"/>
        <line num="283" type="stmt" count="0"/>
        <line num="284" type="stmt" count="0"/>
        <line num="286" type="stmt" count="1"/>
        <line num="293" type="method" name="mockery_verify" crap="2" count="1"/>
        <line num="295" type="stmt" count="1"/>
        <line num="296" type="stmt" count="1"/>
        <line num="297" type="stmt" count="1"/>
        <line num="298" type="stmt" count="1"/>
        <line num="305" type="method" name="mockery_close" crap="2" count="1"/>
        <line num="307" type="stmt" count="1"/>
        <line num="308" type="stmt" count="1"/>
        <line num="309" type="stmt" count="1"/>
        <line num="310" type="stmt" count="1"/>
        <line num="311" type="stmt" count="1"/>
        <line num="318" type="method" name="mockery_allocateOrder" crap="2" count="0"/>
        <line num="320" type="stmt" count="0"/>
        <line num="321" type="stmt" count="0"/>
        <line num="330" type="method" name="mockery_setGroup" crap="2" count="0"/>
        <line num="332" type="stmt" count="0"/>
        <line num="333" type="stmt" count="0"/>
        <line num="340" type="method" name="mockery_getGroups" crap="2" count="0"/>
        <line num="342" type="stmt" count="0"/>
        <line num="351" type="method" name="mockery_setCurrentOrder" crap="1.12" count="1"/>
        <line num="353" type="stmt" count="1"/>
        <line num="354" type="stmt" count="0"/>
        <line num="362" type="method" name="mockery_getCurrentOrder" crap="2" count="0"/>
        <line num="364" type="stmt" count="0"/>
        <line num="375" type="method" name="mockery_validateOrder" crap="6" count="0"/>
        <line num="377" type="stmt" count="0"/>
        <line num="378" type="stmt" count="0"/>
        <line num="379" type="stmt" count="0"/>
        <line num="380" type="stmt" count="0"/>
        <line num="381" type="stmt" count="0"/>
        <line num="382" type="stmt" count="0"/>
        <line num="383" type="stmt" count="0"/>
        <line num="384" type="stmt" count="0"/>
        <line num="385" type="stmt" count="0"/>
        <line num="386" type="stmt" count="0"/>
        <line num="388" type="stmt" count="0"/>
        <line num="389" type="stmt" count="0"/>
        <line num="396" type="method" name="mockery_getExpectationCount" crap="6" count="0"/>
        <line num="398" type="stmt" count="0"/>
        <line num="399" type="stmt" count="0"/>
        <line num="400" type="stmt" count="0"/>
        <line num="401" type="stmt" count="0"/>
        <line num="402" type="stmt" count="0"/>
        <line num="411" type="method" name="rememberMock" crap="2.03" count="1"/>
        <line num="413" type="stmt" count="1"/>
        <line num="414" type="stmt" count="1"/>
        <line num="415" type="stmt" count="1"/>
        <line num="420" type="stmt" count="0"/>
        <line num="422" type="stmt" count="1"/>
        <line num="433" type="method" name="self" crap="2" count="0"/>
        <line num="435" type="stmt" count="0"/>
        <line num="436" type="stmt" count="0"/>
        <line num="437" type="stmt" count="0"/>
        <line num="446" type="method" name="fetchMock" crap="6" count="0"/>
        <line num="448" type="stmt" count="0"/>
        <line num="449" type="stmt" count="0"/>
        <line num="451" type="method" name="_getInstance" crap="89.77" count="1"/>
        <line num="453" type="stmt" count="1"/>
        <line num="455" type="stmt" count="1"/>
        <line num="456" type="stmt" count="1"/>
        <line num="457" type="stmt" count="1"/>
        <line num="460" type="stmt" count="0"/>
        <line num="461" type="stmt" count="0"/>
        <line num="464" type="stmt" count="0"/>
        <line num="465" type="stmt" count="0"/>
        <line num="466" type="stmt" count="0"/>
        <line num="467" type="stmt" count="0"/>
        <line num="468" type="stmt" count="0"/>
        <line num="469" type="stmt" count="0"/>
        <line num="472" type="stmt" count="0"/>
        <line num="473" type="stmt" count="0"/>
        <line num="474" type="stmt" count="0"/>
        <line num="476" type="stmt" count="0"/>
        <line num="477" type="stmt" count="0"/>
        <line num="478" type="stmt" count="0"/>
        <line num="479" type="stmt" count="0"/>
        <line num="480" type="stmt" count="0"/>
        <line num="481" type="stmt" count="0"/>
        <line num="483" type="stmt" count="0"/>
        <line num="484" type="stmt" count="0"/>
        <line num="486" type="stmt" count="0"/>
        <line num="487" type="stmt" count="0"/>
        <line num="488" type="stmt" count="0"/>
        <line num="489" type="stmt" count="0"/>
        <line num="490" type="stmt" count="0"/>
        <line num="492" type="stmt" count="0"/>
        <line num="495" type="stmt" count="0"/>
        <line num="503" type="method" name="declareClass" crap="12" count="0"/>
        <line num="505" type="stmt" count="0"/>
        <line num="506" type="stmt" count="0"/>
        <line num="509" type="stmt" count="0"/>
        <line num="511" type="stmt" count="0"/>
        <line num="512" type="method" name="anonymous function" crap="2" count="0"/>
        <line num="513" type="stmt" count="0"/>
        <line num="514" type="stmt" count="0"/>
        <line num="515" type="stmt" count="0"/>
        <line num="516" type="stmt" count="0"/>
        <line num="517" type="stmt" count="0"/>
        <line num="518" type="stmt" count="0"/>
        <line num="519" type="stmt" count="0"/>
        <line num="521" type="stmt" count="0"/>
        <line num="523" type="method" name="checkForNamedMockClashes" crap="10.75" count="1"/>
        <line num="525" type="stmt" count="1"/>
        <line num="527" type="stmt" count="1"/>
        <line num="528" type="stmt" count="1"/>
        <line num="531" type="stmt" count="0"/>
        <line num="533" type="stmt" count="0"/>
        <line num="534" type="stmt" count="0"/>
        <line num="535" type="stmt" count="0"/>
        <line num="536" type="stmt" count="0"/>
        <line num="537" type="stmt" count="0"/>
        <line num="539" type="stmt" count="0"/>
        <line num="541" type="stmt" count="0"/>
        <line num="542" type="stmt" count="0"/>
        <metrics loc="543" ncloc="384" classes="1" methods="24" coveredmethods="5" conditionals="0" coveredconditionals="0" statements="226" coveredstatements="67" elements="250" coveredelements="72"/>
      </file>
      <file name="/Users/holingpoon/devl/php/Shapes/vendor/mockery/mockery/library/Mockery/Expectation.php">
        <class name="Expectation" namespace="Mockery">
          <metrics methods="42" coveredmethods="2" conditionals="0" coveredconditionals="0" statements="152" coveredstatements="31" elements="194" coveredelements="33"/>
        </class>
        <line num="147" type="method" name="__construct" crap="1" count="1"/>
        <line num="149" type="stmt" count="1"/>
        <line num="150" type="stmt" count="1"/>
        <line num="151" type="stmt" count="1"/>
        <line num="160" type="method" name="__toString" crap="2" count="0"/>
        <line num="162" type="stmt" count="0"/>
        <line num="172" type="method" name="verifyCall" crap="4.18" count="1"/>
        <line num="174" type="stmt" count="1"/>
        <line num="175" type="stmt" count="1"/>
        <line num="176" type="stmt" count="1"/>
        <line num="177" type="stmt" count="0"/>
        <line num="179" type="stmt" count="1"/>
        <line num="180" type="stmt" count="1"/>
        <line num="181" type="stmt" count="0"/>
        <line num="183" type="stmt" count="1"/>
        <line num="184" type="stmt" count="1"/>
        <line num="193" type="method" name="_setValues" crap="4.68" count="1"/>
        <line num="195" type="stmt" count="1"/>
        <line num="196" type="stmt" count="0"/>
        <line num="197" type="stmt" count="0"/>
        <line num="198" type="stmt" count="0"/>
        <line num="199" type="stmt" count="0"/>
        <line num="200" type="stmt" count="1"/>
        <line num="201" type="stmt" count="1"/>
        <line num="209" type="method" name="_getReturnValue" crap="7.19" count="1"/>
        <line num="211" type="stmt" count="1"/>
        <line num="212" type="stmt" count="0"/>
        <line num="213" type="stmt" count="1"/>
        <line num="214" type="stmt" count="0"/>
        <line num="215" type="stmt" count="1"/>
        <line num="216" type="stmt" count="0"/>
        <line num="217" type="stmt" count="1"/>
        <line num="218" type="stmt" count="1"/>
        <line num="220" type="stmt" count="0"/>
        <line num="227" type="method" name="isEligible" crap="3.58" count="1"/>
        <line num="229" type="stmt" count="1"/>
        <line num="230" type="stmt" count="0"/>
        <line num="231" type="stmt" count="0"/>
        <line num="233" type="stmt" count="1"/>
        <line num="234" type="stmt" count="1"/>
        <line num="242" type="method" name="isCallCountConstrained" crap="2" count="0"/>
        <line num="244" type="stmt" count="0"/>
        <line num="252" type="method" name="validateOrder" crap="5.20" count="1"/>
        <line num="254" type="stmt" count="1"/>
        <line num="255" type="stmt" count="0"/>
        <line num="256" type="stmt" count="0"/>
        <line num="257" type="stmt" count="1"/>
        <line num="258" type="stmt" count="0"/>
        <line num="259" type="stmt" count="0"/>
        <line num="260" type="stmt" count="0"/>
        <line num="261" type="stmt" count="1"/>
        <line num="268" type="method" name="verify" crap="2.06" count="1"/>
        <line num="270" type="stmt" count="1"/>
        <line num="271" type="stmt" count="0"/>
        <line num="272" type="stmt" count="1"/>
        <line num="273" type="stmt" count="1"/>
        <line num="281" type="method" name="matchArgs" crap="25.72" count="1"/>
        <line num="283" type="stmt" count="1"/>
        <line num="284" type="stmt" count="1"/>
        <line num="286" type="stmt" count="0"/>
        <line num="287" type="stmt" count="0"/>
        <line num="289" type="stmt" count="0"/>
        <line num="290" type="stmt" count="0"/>
        <line num="291" type="stmt" count="0"/>
        <line num="292" type="stmt" count="0"/>
        <line num="293" type="stmt" count="0"/>
        <line num="295" type="stmt" count="0"/>
        <line num="297" type="stmt" count="0"/>
        <line num="306" type="method" name="_matchArg" crap="240" count="0"/>
        <line num="308" type="stmt" count="0"/>
        <line num="309" type="stmt" count="0"/>
        <line num="311" type="stmt" count="0"/>
        <line num="312" type="stmt" count="0"/>
        <line num="314" type="stmt" count="0"/>
        <line num="317" type="stmt" count="0"/>
        <line num="318" type="stmt" count="0"/>
        <line num="320" type="stmt" count="0"/>
        <line num="321" type="stmt" count="0"/>
        <line num="323" type="stmt" count="0"/>
        <line num="324" type="stmt" count="0"/>
        <line num="325" type="stmt" count="0"/>
        <line num="326" type="stmt" count="0"/>
        <line num="327" type="stmt" count="0"/>
        <line num="329" type="stmt" count="0"/>
        <line num="330" type="stmt" count="0"/>
        <line num="331" type="stmt" count="0"/>
        <line num="333" type="stmt" count="0"/>
        <line num="334" type="stmt" count="0"/>
        <line num="336" type="stmt" count="0"/>
        <line num="345" type="method" name="with" crap="2" count="0"/>
        <line num="347" type="stmt" count="0"/>
        <line num="356" type="method" name="withArgs" crap="6" count="0"/>
        <line num="358" type="stmt" count="0"/>
        <line num="359" type="stmt" count="0"/>
        <line num="361" type="stmt" count="0"/>
        <line num="362" type="stmt" count="0"/>
        <line num="363" type="stmt" count="0"/>
        <line num="371" type="method" name="withNoArgs" crap="2" count="0"/>
        <line num="373" type="stmt" count="0"/>
        <line num="374" type="stmt" count="0"/>
        <line num="375" type="stmt" count="0"/>
        <line num="383" type="method" name="withAnyArgs" crap="2" count="0"/>
        <line num="385" type="stmt" count="0"/>
        <line num="386" type="stmt" count="0"/>
        <line num="394" type="method" name="andReturn" crap="1" count="1"/>
        <line num="396" type="stmt" count="1"/>
        <line num="397" type="stmt" count="1"/>
        <line num="405" type="method" name="andReturnSelf" crap="2" count="0"/>
        <line num="407" type="stmt" count="0"/>
        <line num="416" type="method" name="andReturnValues" crap="2" count="0"/>
        <line num="418" type="stmt" count="0"/>
        <line num="419" type="stmt" count="0"/>
        <line num="429" type="method" name="andReturnUsing" crap="2" count="0"/>
        <line num="431" type="stmt" count="0"/>
        <line num="432" type="stmt" count="0"/>
        <line num="440" type="method" name="andReturnUndefined" crap="2" count="0"/>
        <line num="442" type="stmt" count="0"/>
        <line num="443" type="stmt" count="0"/>
        <line num="451" type="method" name="andReturnNull" crap="2" count="0"/>
        <line num="453" type="stmt" count="0"/>
        <line num="465" type="method" name="andThrow" crap="6" count="0"/>
        <line num="467" type="stmt" count="0"/>
        <line num="468" type="stmt" count="0"/>
        <line num="469" type="stmt" count="0"/>
        <line num="470" type="stmt" count="0"/>
        <line num="471" type="stmt" count="0"/>
        <line num="473" type="stmt" count="0"/>
        <line num="482" type="method" name="andThrowExceptions" crap="12" count="0"/>
        <line num="484" type="stmt" count="0"/>
        <line num="485" type="stmt" count="0"/>
        <line num="486" type="stmt" count="0"/>
        <line num="487" type="stmt" count="0"/>
        <line num="489" type="stmt" count="0"/>
        <line num="490" type="stmt" count="0"/>
        <line num="500" type="method" name="andSet" crap="2" count="0"/>
        <line num="502" type="stmt" count="0"/>
        <line num="503" type="stmt" count="0"/>
        <line num="504" type="stmt" count="0"/>
        <line num="505" type="stmt" count="0"/>
        <line num="516" type="method" name="set" crap="2" count="0"/>
        <line num="518" type="stmt" count="0"/>
        <line num="526" type="method" name="zeroOrMoreTimes" crap="2" count="0"/>
        <line num="528" type="stmt" count="0"/>
        <line num="529" type="stmt" count="0"/>
        <line num="536" type="method" name="times" crap="6" count="0"/>
        <line num="538" type="stmt" count="0"/>
        <line num="539" type="stmt" count="0"/>
        <line num="540" type="stmt" count="0"/>
        <line num="541" type="stmt" count="0"/>
        <line num="549" type="method" name="never" crap="2" count="0"/>
        <line num="551" type="stmt" count="0"/>
        <line num="559" type="method" name="once" crap="2" count="0"/>
        <line num="561" type="stmt" count="0"/>
        <line num="569" type="method" name="twice" crap="2" count="0"/>
        <line num="571" type="stmt" count="0"/>
        <line num="579" type="method" name="atLeast" crap="2" count="0"/>
        <line num="581" type="stmt" count="0"/>
        <line num="582" type="stmt" count="0"/>
        <line num="590" type="method" name="atMost" crap="2" count="0"/>
        <line num="592" type="stmt" count="0"/>
        <line num="593" type="stmt" count="0"/>
        <line num="602" type="method" name="between" crap="2" count="0"/>
        <line num="604" type="stmt" count="0"/>
        <line num="613" type="method" name="ordered" crap="6" count="0"/>
        <line num="615" type="stmt" count="0"/>
        <line num="616" type="stmt" count="0"/>
        <line num="617" type="stmt" count="0"/>
        <line num="618" type="stmt" count="0"/>
        <line num="620" type="stmt" count="0"/>
        <line num="621" type="stmt" count="0"/>
        <line num="629" type="method" name="globally" crap="2" count="0"/>
        <line num="631" type="stmt" count="0"/>
        <line num="632" type="stmt" count="0"/>
        <line num="642" type="method" name="_defineOrdered" crap="12" count="0"/>
        <line num="644" type="stmt" count="0"/>
        <line num="645" type="stmt" count="0"/>
        <line num="646" type="stmt" count="0"/>
        <line num="647" type="stmt" count="0"/>
        <line num="648" type="stmt" count="0"/>
        <line num="649" type="stmt" count="0"/>
        <line num="650" type="stmt" count="0"/>
        <line num="651" type="stmt" count="0"/>
        <line num="653" type="stmt" count="0"/>
        <line num="661" type="method" name="getOrderNumber" crap="2" count="0"/>
        <line num="663" type="stmt" count="0"/>
        <line num="671" type="method" name="byDefault" crap="6" count="0"/>
        <line num="673" type="stmt" count="0"/>
        <line num="674" type="stmt" count="0"/>
        <line num="675" type="stmt" count="0"/>
        <line num="676" type="stmt" count="0"/>
        <line num="677" type="stmt" count="0"/>
        <line num="685" type="method" name="getMock" crap="2" count="0"/>
        <line num="687" type="stmt" count="0"/>
        <line num="696" type="method" name="passthru" crap="6" count="0"/>
        <line num="698" type="stmt" count="0"/>
        <line num="699" type="stmt" count="0"/>
        <line num="702" type="stmt" count="0"/>
        <line num="704" type="stmt" count="0"/>
        <line num="705" type="stmt" count="0"/>
        <line num="712" type="method" name="__clone" crap="6" count="0"/>
        <line num="714" type="stmt" count="0"/>
        <line num="715" type="stmt" count="0"/>
        <line num="716" type="stmt" count="0"/>
        <line num="717" type="stmt" count="0"/>
        <line num="718" type="stmt" count="0"/>
        <line num="719" type="stmt" count="0"/>
        <line num="720" type="stmt" count="0"/>
        <line num="722" type="method" name="getName" crap="2" count="0"/>
        <line num="724" type="stmt" count="0"/>
        <metrics loc="727" ncloc="391" classes="1" methods="42" coveredmethods="2" conditionals="0" coveredconditionals="0" statements="167" coveredstatements="31" elements="209" coveredelements="33"/>
      </file>
      <file name="/Users/holingpoon/devl/php/Shapes/vendor/mockery/mockery/library/Mockery/ExpectationDirector.php">
        <class name="ExpectationDirector" namespace="Mockery">
          <metrics methods="9" coveredmethods="2" conditionals="0" coveredconditionals="0" statements="51" coveredstatements="19" elements="60" coveredelements="21"/>
        </class>
        <line num="67" type="method" name="__construct" crap="1" count="1"/>
        <line num="69" type="stmt" count="1"/>
        <line num="70" type="stmt" count="1"/>
        <line num="71" type="stmt" count="1"/>
        <line num="78" type="method" name="addExpectation" crap="1" count="1"/>
        <line num="80" type="stmt" count="1"/>
        <line num="81" type="stmt" count="1"/>
        <line num="89" type="method" name="call" crap="4.05" count="1"/>
        <line num="91" type="stmt" count="1"/>
        <line num="92" type="stmt" count="1"/>
        <line num="93" type="stmt" count="0"/>
        <line num="95" type="stmt" count="0"/>
        <line num="96" type="stmt" count="0"/>
        <line num="97" type="stmt" count="0"/>
        <line num="98" type="stmt" count="0"/>
        <line num="99" type="stmt" count="0"/>
        <line num="100" type="stmt" count="0"/>
        <line num="101" type="stmt" count="0"/>
        <line num="102" type="stmt" count="0"/>
        <line num="103" type="stmt" count="0"/>
        <line num="104" type="stmt" count="0"/>
        <line num="105" type="stmt" count="0"/>
        <line num="107" type="stmt" count="1"/>
        <line num="116" type="method" name="verify" crap="4.59" count="1"/>
        <line num="118" type="stmt" count="1"/>
        <line num="119" type="stmt" count="1"/>
        <line num="120" type="stmt" count="1"/>
        <line num="121" type="stmt" count="1"/>
        <line num="122" type="stmt" count="1"/>
        <line num="123" type="stmt" count="0"/>
        <line num="124" type="stmt" count="0"/>
        <line num="125" type="stmt" count="0"/>
        <line num="127" type="stmt" count="1"/>
        <line num="135" type="method" name="findExpectation" crap="2.15" count="1"/>
        <line num="137" type="stmt" count="1"/>
        <line num="138" type="stmt" count="1"/>
        <line num="140" type="stmt" count="0"/>
        <line num="150" type="method" name="makeExpectationDefault" crap="6" count="0"/>
        <line num="152" type="stmt" count="0"/>
        <line num="153" type="stmt" count="0"/>
        <line num="154" type="stmt" count="0"/>
        <line num="155" type="stmt" count="0"/>
        <line num="156" type="stmt" count="0"/>
        <line num="157" type="stmt" count="0"/>
        <line num="159" type="stmt" count="0"/>
        <line num="161" type="stmt" count="0"/>
        <line num="170" type="method" name="_findExpectationIn" crap="16.67" count="1"/>
        <line num="172" type="stmt" count="1"/>
        <line num="173" type="stmt" count="1"/>
        <line num="174" type="stmt" count="1"/>
        <line num="176" type="stmt" count="0"/>
        <line num="177" type="stmt" count="0"/>
        <line num="178" type="stmt" count="0"/>
        <line num="179" type="stmt" count="0"/>
        <line num="181" type="stmt" count="0"/>
        <line num="182" type="stmt" count="0"/>
        <line num="189" type="method" name="getExpectations" crap="2" count="0"/>
        <line num="191" type="stmt" count="0"/>
        <line num="199" type="method" name="getExpectationCount" crap="2" count="0"/>
        <line num="201" type="stmt" count="0"/>
        <metrics loc="204" ncloc="109" classes="1" methods="9" coveredmethods="2" conditionals="0" coveredconditionals="0" statements="51" coveredstatements="19" elements="60" coveredelements="21"/>
      </file>
      <file name="/Users/holingpoon/devl/php/Shapes/vendor/mockery/mockery/library/Mockery/MethodCall.php">
        <class name="MethodCall" namespace="Mockery">
          <metrics methods="3" coveredmethods="1" conditionals="0" coveredconditionals="0" statements="5" coveredstatements="3" elements="8" coveredelements="4"/>
        </class>
        <line num="10" type="method" name="__construct" crap="1" count="1"/>
        <line num="12" type="stmt" count="1"/>
        <line num="13" type="stmt" count="1"/>
        <line num="14" type="stmt" count="1"/>
        <line num="16" type="method" name="getMethod" crap="2" count="0"/>
        <line num="18" type="stmt" count="0"/>
        <line num="21" type="method" name="getArgs" crap="2" count="0"/>
        <line num="23" type="stmt" count="0"/>
        <metrics loc="25" ncloc="25" classes="1" methods="3" coveredmethods="1" conditionals="0" coveredconditionals="0" statements="5" coveredstatements="3" elements="8" coveredelements="4"/>
      </file>
      <file name="/Users/holingpoon/devl/php/Shapes/vendor/mockery/mockery/library/Mockery/ReceivedMethodCalls.php">
        <class name="ReceivedMethodCalls" namespace="Mockery">
          <metrics methods="2" coveredmethods="1" conditionals="0" coveredconditionals="0" statements="11" coveredstatements="2" elements="13" coveredelements="3"/>
        </class>
        <line num="9" type="method" name="push" crap="1" count="1"/>
        <line num="11" type="stmt" count="1"/>
        <line num="12" type="stmt" count="1"/>
        <line num="14" type="method" name="verify" crap="20" count="0"/>
        <line num="16" type="stmt" count="0"/>
        <line num="17" type="stmt" count="0"/>
        <line num="18" type="stmt" count="0"/>
        <line num="21" type="stmt" count="0"/>
        <line num="22" type="stmt" count="0"/>
        <line num="25" type="stmt" count="0"/>
        <line num="26" type="stmt" count="0"/>
        <line num="28" type="stmt" count="0"/>
        <line num="29" type="stmt" count="0"/>
        <metrics loc="30" ncloc="30" classes="1" methods="2" coveredmethods="1" conditionals="0" coveredconditionals="0" statements="11" coveredstatements="2" elements="13" coveredelements="3"/>
      </file>
    </package>
    <file name="/Users/holingpoon/devl/php/Shapes/vendor/mockery/mockery/library/Mockery/ExpectationInterface.php">
      <metrics loc="40" ncloc="13" classes="0" methods="0" coveredmethods="0" conditionals="0" coveredconditionals="0" statements="0" coveredstatements="0" elements="0" coveredelements="0"/>
    </file>
    <package name="Mockery\Generator">
      <file name="/Users/holingpoon/devl/php/Shapes/vendor/mockery/mockery/library/Mockery/Generator/CachingGenerator.php">
        <class name="CachingGenerator" namespace="Mockery\Generator">
          <metrics methods="2" coveredmethods="1" conditionals="0" coveredconditionals="0" statements="8" coveredstatements="7" elements="10" coveredelements="8"/>
        </class>
        <line num="10" type="method" name="__construct" crap="1" count="1"/>
        <line num="12" type="stmt" count="1"/>
        <line num="13" type="stmt" count="1"/>
        <line num="15" type="method" name="generate" crap="2.02" count="1"/>
        <line num="17" type="stmt" count="1"/>
        <line num="18" type="stmt" count="1"/>
        <line num="19" type="stmt" count="0"/>
        <line num="22" type="stmt" count="1"/>
        <line num="23" type="stmt" count="1"/>
        <line num="25" type="stmt" count="1"/>
        <metrics loc="27" ncloc="27" classes="1" methods="2" coveredmethods="1" conditionals="0" coveredconditionals="0" statements="8" coveredstatements="7" elements="10" coveredelements="8"/>
      </file>
      <file name="/Users/holingpoon/devl/php/Shapes/vendor/mockery/mockery/library/Mockery/Generator/MockConfiguration.php">
        <class name="MockConfiguration" namespace="Mockery\Generator">
          <metrics methods="25" coveredmethods="11" conditionals="0" coveredconditionals="0" statements="191" coveredstatements="104" elements="216" coveredelements="115"/>
        </class>
        <line num="65" type="method" name="__construct" crap="1" count="1"/>
        <line num="67" type="stmt" count="1"/>
        <line num="68" type="stmt" count="1"/>
        <line num="69" type="stmt" count="1"/>
        <line num="70" type="stmt" count="1"/>
        <line num="71" type="stmt" count="1"/>
        <line num="72" type="stmt" count="1"/>
        <line num="73" type="stmt" count="1"/>
        <line num="82" type="method" name="getHash" crap="1" count="1"/>
        <line num="85" type="stmt" count="1"/>
        <line num="86" type="stmt" count="1"/>
        <line num="87" type="stmt" count="1"/>
        <line num="88" type="stmt" count="1"/>
        <line num="89" type="stmt" count="1"/>
        <line num="90" type="stmt" count="1"/>
        <line num="91" type="stmt" count="1"/>
        <line num="92" type="stmt" count="1"/>
        <line num="94" type="stmt" count="1"/>
        <line num="102" type="method" name="getMethodsToMock" crap="17.86" count="1"/>
        <line num="104" type="stmt" count="1"/>
        <line num="106" type="stmt" count="1"/>
        <line num="107" type="stmt" count="0"/>
        <line num="108" type="stmt" count="0"/>
        <line num="109" type="stmt" count="0"/>
        <line num="110" type="stmt" count="1"/>
        <line num="115" type="stmt" count="1"/>
        <line num="116" type="stmt" count="0"/>
        <line num="118" type="stmt" count="0"/>
        <line num="119" type="stmt" count="0"/>
        <line num="121" type="stmt" count="0"/>
        <line num="127" type="stmt" count="1"/>
        <line num="128" type="stmt" count="1"/>
        <line num="130" type="stmt" count="0"/>
        <line num="131" type="stmt" count="1"/>
        <line num="132" type="stmt" count="1"/>
        <line num="140" type="stmt" count="1"/>
        <line num="141" type="stmt" count="1"/>
        <line num="142" type="stmt" count="1"/>
        <line num="145" type="stmt" count="0"/>
        <line num="146" type="stmt" count="0"/>
        <line num="147" type="stmt" count="0"/>
        <line num="149" type="stmt" count="1"/>
        <line num="156" type="method" name="requiresCallTypeHintRemoval" crap="4.12" count="1"/>
        <line num="158" type="stmt" count="1"/>
        <line num="159" type="stmt" count="0"/>
        <line num="160" type="stmt" count="0"/>
        <line num="161" type="stmt" count="0"/>
        <line num="163" type="stmt" count="1"/>
        <line num="165" type="stmt" count="1"/>
        <line num="172" type="method" name="requiresCallStaticTypeHintRemoval" crap="4.12" count="1"/>
        <line num="174" type="stmt" count="1"/>
        <line num="175" type="stmt" count="0"/>
        <line num="176" type="stmt" count="0"/>
        <line num="177" type="stmt" count="0"/>
        <line num="179" type="stmt" count="1"/>
        <line num="181" type="stmt" count="1"/>
        <line num="184" type="method" name="rename" crap="4.18" count="1"/>
        <line num="186" type="stmt" count="1"/>
        <line num="188" type="stmt" count="1"/>
        <line num="189" type="stmt" count="1"/>
        <line num="190" type="stmt" count="1"/>
        <line num="192" type="stmt" count="1"/>
        <line num="193" type="stmt" count="0"/>
        <line num="194" type="stmt" count="0"/>
        <line num="196" type="stmt" count="1"/>
        <line num="197" type="stmt" count="0"/>
        <line num="198" type="stmt" count="0"/>
        <line num="200" type="stmt" count="1"/>
        <line num="201" type="stmt" count="1"/>
        <line num="202" type="stmt" count="1"/>
        <line num="203" type="stmt" count="1"/>
        <line num="204" type="stmt" count="1"/>
        <line num="205" type="stmt" count="1"/>
        <line num="206" type="stmt" count="1"/>
        <line num="207" type="stmt" count="1"/>
        <line num="210" type="method" name="addTarget" crap="10.50" count="1"/>
        <line num="212" type="stmt" count="1"/>
        <line num="213" type="stmt" count="0"/>
        <line num="214" type="stmt" count="0"/>
        <line num="215" type="stmt" count="0"/>
        <line num="218" type="stmt" count="1"/>
        <line num="219" type="stmt" count="1"/>
        <line num="220" type="stmt" count="1"/>
        <line num="222" type="stmt" count="1"/>
        <line num="223" type="stmt" count="0"/>
        <line num="224" type="stmt" count="0"/>
        <line num="227" type="stmt" count="1"/>
        <line num="228" type="stmt" count="0"/>
        <line num="229" type="stmt" count="0"/>
        <line num="238" type="stmt" count="1"/>
        <line num="239" type="stmt" count="0"/>
        <line num="240" type="stmt" count="0"/>
        <line num="243" type="stmt" count="1"/>
        <line num="244" type="stmt" count="1"/>
        <line num="246" type="method" name="addTargets" crap="2" count="1"/>
        <line num="248" type="stmt" count="1"/>
        <line num="249" type="stmt" count="1"/>
        <line num="250" type="stmt" count="1"/>
        <line num="251" type="stmt" count="1"/>
        <line num="253" type="method" name="getTargetClassName" crap="1" count="1"/>
        <line num="255" type="stmt" count="1"/>
        <line num="258" type="method" name="getTargetClass" crap="16.67" count="1"/>
        <line num="260" type="stmt" count="1"/>
        <line num="261" type="stmt" count="1"/>
        <line num="264" type="stmt" count="1"/>
        <line num="265" type="stmt" count="0"/>
        <line num="268" type="stmt" count="1"/>
        <line num="269" type="stmt" count="0"/>
        <line num="271" type="stmt" count="0"/>
        <line num="272" type="stmt" count="0"/>
        <line num="273" type="stmt" count="0"/>
        <line num="274" type="stmt" count="0"/>
        <line num="275" type="stmt" count="0"/>
        <line num="276" type="stmt" count="0"/>
        <line num="277" type="stmt" count="0"/>
        <line num="278" type="stmt" count="0"/>
        <line num="281" type="stmt" count="0"/>
        <line num="283" type="stmt" count="0"/>
        <line num="284" type="stmt" count="1"/>
        <line num="287" type="stmt" count="1"/>
        <line num="290" type="method" name="getTargetInterfaces" crap="116.23" count="1"/>
        <line num="292" type="stmt" count="1"/>
        <line num="293" type="stmt" count="0"/>
        <line num="296" type="stmt" count="1"/>
        <line num="297" type="stmt" count="0"/>
        <line num="298" type="stmt" count="0"/>
        <line num="299" type="stmt" count="0"/>
        <line num="302" type="stmt" count="0"/>
        <line num="303" type="stmt" count="0"/>
        <line num="304" type="stmt" count="0"/>
        <line num="306" type="stmt" count="0"/>
        <line num="307" type="stmt" count="0"/>
        <line num="308" type="stmt" count="0"/>
        <line num="310" type="stmt" count="0"/>
        <line num="311" type="stmt" count="0"/>
        <line num="314" type="stmt" count="0"/>
        <line num="315" type="stmt" count="0"/>
        <line num="316" type="stmt" count="0"/>
        <line num="317" type="stmt" count="0"/>
        <line num="318" type="stmt" count="0"/>
        <line num="319" type="stmt" count="0"/>
        <line num="320" type="stmt" count="0"/>
        <line num="321" type="stmt" count="0"/>
        <line num="322" type="stmt" count="0"/>
        <line num="323" type="stmt" count="0"/>
        <line num="325" type="stmt" count="0"/>
        <line num="326" type="stmt" count="0"/>
        <line num="327" type="stmt" count="0"/>
        <line num="332" type="stmt" count="0"/>
        <line num="333" type="stmt" count="0"/>
        <line num="334" type="stmt" count="0"/>
        <line num="336" type="stmt" count="1"/>
        <line num="337" type="stmt" count="1"/>
        <line num="338" type="stmt" count="1"/>
        <line num="341" type="method" name="getTargetObject" crap="1" count="1"/>
        <line num="343" type="stmt" count="1"/>
        <line num="346" type="method" name="getName" crap="1" count="1"/>
        <line num="348" type="stmt" count="1"/>
        <line num="354" type="method" name="generateName" crap="5.57" count="1"/>
        <line num="356" type="stmt" count="1"/>
        <line num="358" type="stmt" count="1"/>
        <line num="359" type="stmt" count="0"/>
        <line num="360" type="stmt" count="0"/>
        <line num="362" type="stmt" count="1"/>
        <line num="363" type="stmt" count="1"/>
        <line num="364" type="stmt" count="1"/>
        <line num="366" type="stmt" count="1"/>
        <line num="368" type="stmt" count="0"/>
        <line num="369" type="stmt" count="0"/>
        <line num="370" type="stmt" count="0"/>
        <line num="371" type="stmt" count="0"/>
        <line num="373" type="stmt" count="1"/>
        <line num="376" type="method" name="getShortName" crap="1" count="1"/>
        <line num="378" type="stmt" count="1"/>
        <line num="379" type="stmt" count="1"/>
        <line num="382" type="method" name="getNamespaceName" crap="2.03" count="1"/>
        <line num="384" type="stmt" count="1"/>
        <line num="385" type="stmt" count="1"/>
        <line num="387" type="stmt" count="1"/>
        <line num="388" type="stmt" count="0"/>
        <line num="391" type="stmt" count="1"/>
        <line num="394" type="method" name="getBlackListedMethods" crap="1" count="1"/>
        <line num="396" type="stmt" count="1"/>
        <line num="399" type="method" name="getWhiteListedMethods" crap="1" count="1"/>
        <line num="401" type="stmt" count="1"/>
        <line num="404" type="method" name="isInstanceMock" crap="1" count="1"/>
        <line num="406" type="stmt" count="1"/>
        <line num="409" type="method" name="getParameterOverrides" crap="2" count="0"/>
        <line num="411" type="stmt" count="0"/>
        <line num="414" type="method" name="setTargetClassName" crap="1" count="1"/>
        <line num="416" type="stmt" count="1"/>
        <line num="417" type="stmt" count="1"/>
        <line num="419" type="method" name="getAllMethods" crap="5.02" count="1"/>
        <line num="421" type="stmt" count="1"/>
        <line num="422" type="stmt" count="0"/>
        <line num="425" type="stmt" count="1"/>
        <line num="427" type="stmt" count="1"/>
        <line num="428" type="stmt" count="1"/>
        <line num="429" type="stmt" count="1"/>
        <line num="431" type="stmt" count="1"/>
        <line num="432" type="stmt" count="1"/>
        <line num="433" type="stmt" count="1"/>
        <line num="434" type="stmt" count="1"/>
        <line num="436" type="stmt" count="1"/>
        <line num="437" type="method" name="anonymous function" crap="4.05" count="1"/>
        <line num="438" type="stmt" count="0"/>
        <line num="439" type="stmt" count="0"/>
        <line num="442" type="stmt" count="0"/>
        <line num="443" type="stmt" count="0"/>
        <line num="444" type="stmt" count="1"/>
        <line num="446" type="stmt" count="1"/>
        <line num="454" type="method" name="addTargetInterfaceName" crap="2" count="0"/>
        <line num="456" type="stmt" count="0"/>
        <line num="457" type="stmt" count="0"/>
        <line num="460" type="method" name="setTargetObject" crap="2" count="0"/>
        <line num="462" type="stmt" count="0"/>
        <line num="463" type="stmt" count="0"/>
        <metrics loc="465" ncloc="378" classes="1" methods="25" coveredmethods="11" conditionals="0" coveredconditionals="0" statements="192" coveredstatements="105" elements="217" coveredelements="116"/>
      </file>
      <file name="/Users/holingpoon/devl/php/Shapes/vendor/mockery/mockery/library/Mockery/Generator/MockConfigurationBuilder.php">
        <class name="MockConfigurationBuilder" namespace="Mockery\Generator">
          <metrics methods="12" coveredmethods="3" conditionals="0" coveredconditionals="0" statements="36" coveredstatements="15" elements="48" coveredelements="18"/>
        </class>
        <line num="40" type="method" name="addTarget" crap="1" count="1"/>
        <line num="42" type="stmt" count="1"/>
        <line num="44" type="stmt" count="1"/>
        <line num="47" type="method" name="addTargets" crap="6" count="0"/>
        <line num="49" type="stmt" count="0"/>
        <line num="50" type="stmt" count="0"/>
        <line num="51" type="stmt" count="0"/>
        <line num="53" type="stmt" count="0"/>
        <line num="56" type="method" name="setName" crap="2" count="0"/>
        <line num="58" type="stmt" count="0"/>
        <line num="59" type="stmt" count="0"/>
        <line num="62" type="method" name="addBlackListedMethod" crap="2" count="0"/>
        <line num="64" type="stmt" count="0"/>
        <line num="65" type="stmt" count="0"/>
        <line num="68" type="method" name="addBlackListedMethods" crap="2.06" count="1"/>
        <line num="70" type="stmt" count="1"/>
        <line num="71" type="stmt" count="0"/>
        <line num="72" type="stmt" count="1"/>
        <line num="73" type="stmt" count="1"/>
        <line num="76" type="method" name="setBlackListedMethods" crap="2" count="0"/>
        <line num="78" type="stmt" count="0"/>
        <line num="79" type="stmt" count="0"/>
        <line num="82" type="method" name="addWhiteListedMethod" crap="2" count="0"/>
        <line num="84" type="stmt" count="0"/>
        <line num="85" type="stmt" count="0"/>
        <line num="88" type="method" name="addWhiteListedMethods" crap="6" count="0"/>
        <line num="90" type="stmt" count="0"/>
        <line num="91" type="stmt" count="0"/>
        <line num="92" type="stmt" count="0"/>
        <line num="93" type="stmt" count="0"/>
        <line num="96" type="method" name="setWhiteListedMethods" crap="2" count="0"/>
        <line num="98" type="stmt" count="0"/>
        <line num="99" type="stmt" count="0"/>
        <line num="102" type="method" name="setInstanceMock" crap="2" count="0"/>
        <line num="104" type="stmt" count="0"/>
        <line num="105" type="stmt" count="0"/>
        <line num="107" type="method" name="setParameterOverrides" crap="1" count="1"/>
        <line num="109" type="stmt" count="1"/>
        <line num="110" type="stmt" count="1"/>
        <line num="112" type="method" name="getMockConfiguration" crap="1" count="1"/>
        <line num="114" type="stmt" count="1"/>
        <line num="115" type="stmt" count="1"/>
        <line num="116" type="stmt" count="1"/>
        <line num="117" type="stmt" count="1"/>
        <line num="118" type="stmt" count="1"/>
        <line num="119" type="stmt" count="1"/>
        <line num="120" type="stmt" count="1"/>
        <line num="121" type="stmt" count="1"/>
        <metrics loc="124" ncloc="122" classes="1" methods="12" coveredmethods="3" conditionals="0" coveredconditionals="0" statements="36" coveredstatements="15" elements="48" coveredelements="18"/>
      </file>
      <file name="/Users/holingpoon/devl/php/Shapes/vendor/mockery/mockery/library/Mockery/Generator/MockDefinition.php">
        <class name="MockDefinition" namespace="Mockery\Generator">
          <metrics methods="4" coveredmethods="2" conditionals="0" coveredconditionals="0" statements="8" coveredstatements="6" elements="12" coveredelements="8"/>
        </class>
        <line num="10" type="method" name="__construct" crap="2.03" count="1"/>
        <line num="12" type="stmt" count="1"/>
        <line num="13" type="stmt" count="0"/>
        <line num="15" type="stmt" count="1"/>
        <line num="16" type="stmt" count="1"/>
        <line num="17" type="stmt" count="1"/>
        <line num="19" type="method" name="getConfig" crap="2" count="0"/>
        <line num="21" type="stmt" count="0"/>
        <line num="24" type="method" name="getClassName" crap="1" count="1"/>
        <line num="26" type="stmt" count="1"/>
        <line num="29" type="method" name="getCode" crap="1" count="1"/>
        <line num="31" type="stmt" count="1"/>
        <metrics loc="33" ncloc="33" classes="1" methods="4" coveredmethods="2" conditionals="0" coveredconditionals="0" statements="8" coveredstatements="6" elements="12" coveredelements="8"/>
      </file>
      <file name="/Users/holingpoon/devl/php/Shapes/vendor/mockery/mockery/library/Mockery/Generator/StringManipulationGenerator.php">
        <class name="StringManipulationGenerator" namespace="Mockery\Generator">
          <metrics methods="3" coveredmethods="2" conditionals="0" coveredconditionals="0" statements="11" coveredstatements="9" elements="14" coveredelements="11"/>
        </class>
        <line num="11" type="method" name="__construct" crap="1" count="1"/>
        <line num="13" type="stmt" count="1"/>
        <line num="14" type="stmt" count="1"/>
        <line num="16" type="method" name="generate" crap="3" count="1"/>
        <line num="18" type="stmt" count="1"/>
        <line num="19" type="stmt" count="1"/>
        <line num="21" type="stmt" count="1"/>
        <line num="23" type="stmt" count="1"/>
        <line num="24" type="stmt" count="1"/>
        <line num="25" type="stmt" count="1"/>
        <line num="27" type="stmt" count="1"/>
        <line num="30" type="method" name="addPass" crap="2" count="0"/>
        <line num="32" type="stmt" count="0"/>
        <line num="33" type="stmt" count="0"/>
        <metrics loc="34" ncloc="34" classes="1" methods="3" coveredmethods="2" conditionals="0" coveredconditionals="0" statements="11" coveredstatements="9" elements="14" coveredelements="11"/>
      </file>
      <file name="/Users/holingpoon/devl/php/Shapes/vendor/mockery/mockery/library/Mockery/Generator/UndefinedTargetClass.php">
        <class name="UndefinedTargetClass" namespace="Mockery\Generator">
          <metrics methods="10" coveredmethods="9" conditionals="0" coveredconditionals="0" statements="14" coveredstatements="13" elements="24" coveredelements="22"/>
        </class>
        <line num="9" type="method" name="__construct" crap="1" count="1"/>
        <line num="11" type="stmt" count="1"/>
        <line num="12" type="stmt" count="1"/>
        <line num="14" type="method" name="getName" crap="1" count="1"/>
        <line num="16" type="stmt" count="1"/>
        <line num="19" type="method" name="isAbstract" crap="2" count="0"/>
        <line num="21" type="stmt" count="0"/>
        <line num="24" type="method" name="isFinal" crap="1" count="1"/>
        <line num="26" type="stmt" count="1"/>
        <line num="29" type="method" name="getMethods" crap="1" count="1"/>
        <line num="31" type="stmt" count="1"/>
        <line num="34" type="method" name="getNamespaceName" crap="1" count="1"/>
        <line num="36" type="stmt" count="1"/>
        <line num="37" type="stmt" count="1"/>
        <line num="38" type="stmt" count="1"/>
        <line num="41" type="method" name="inNamespace" crap="1" count="1"/>
        <line num="43" type="stmt" count="1"/>
        <line num="46" type="method" name="getShortName" crap="1" count="1"/>
        <line num="48" type="stmt" count="1"/>
        <line num="49" type="stmt" count="1"/>
        <line num="52" type="method" name="implementsInterface" crap="1" count="1"/>
        <line num="54" type="stmt" count="1"/>
        <line num="57" type="method" name="hasInternalAncestor" crap="1" count="1"/>
        <line num="59" type="stmt" count="1"/>
        <metrics loc="61" ncloc="61" classes="1" methods="10" coveredmethods="9" conditionals="0" coveredconditionals="0" statements="14" coveredstatements="13" elements="24" coveredelements="22"/>
      </file>
    </package>
    <file name="/Users/holingpoon/devl/php/Shapes/vendor/mockery/mockery/library/Mockery/Generator/Generator.php">
      <metrics loc="9" ncloc="8" classes="0" methods="0" coveredmethods="0" conditionals="0" coveredconditionals="0" statements="0" coveredstatements="0" elements="0" coveredelements="0"/>
    </file>
    <package name="Mockery\Generator\StringManipulation\Pass">
      <file name="/Users/holingpoon/devl/php/Shapes/vendor/mockery/mockery/library/Mockery/Generator/StringManipulation/Pass/CallTypeHintPass.php">
        <class name="CallTypeHintPass" namespace="Mockery\Generator\StringManipulation\Pass">
          <metrics methods="1" coveredmethods="0" conditionals="0" coveredconditionals="0" statements="13" coveredstatements="3" elements="14" coveredelements="3"/>
        </class>
        <line num="9" type="method" name="apply" crap="7.10" count="1"/>
        <line num="11" type="stmt" count="1"/>
        <line num="12" type="stmt" count="0"/>
        <line num="13" type="stmt" count="0"/>
        <line num="14" type="stmt" count="0"/>
        <line num="16" type="stmt" count="0"/>
        <line num="17" type="stmt" count="0"/>
        <line num="19" type="stmt" count="1"/>
        <line num="20" type="stmt" count="0"/>
        <line num="21" type="stmt" count="0"/>
        <line num="22" type="stmt" count="0"/>
        <line num="24" type="stmt" count="0"/>
        <line num="25" type="stmt" count="0"/>
        <line num="27" type="stmt" count="1"/>
        <metrics loc="29" ncloc="29" classes="1" methods="1" coveredmethods="0" conditionals="0" coveredconditionals="0" statements="13" coveredstatements="3" elements="14" coveredelements="3"/>
      </file>
      <file name="/Users/holingpoon/devl/php/Shapes/vendor/mockery/mockery/library/Mockery/Generator/StringManipulation/Pass/ClassNamePass.php">
        <class name="ClassNamePass" namespace="Mockery\Generator\StringManipulation\Pass">
          <metrics methods="1" coveredmethods="1" conditionals="0" coveredconditionals="0" statements="11" coveredstatements="11" elements="12" coveredelements="12"/>
        </class>
        <line num="9" type="method" name="apply" crap="2" count="1"/>
        <line num="11" type="stmt" count="1"/>
        <line num="12" type="stmt" count="1"/>
        <line num="14" type="stmt" count="1"/>
        <line num="15" type="stmt" count="1"/>
        <line num="16" type="stmt" count="1"/>
        <line num="18" type="stmt" count="1"/>
        <line num="20" type="stmt" count="1"/>
        <line num="21" type="stmt" count="1"/>
        <line num="22" type="stmt" count="1"/>
        <line num="24" type="stmt" count="1"/>
        <line num="26" type="stmt" count="1"/>
        <metrics loc="28" ncloc="28" classes="1" methods="1" coveredmethods="1" conditionals="0" coveredconditionals="0" statements="11" coveredstatements="11" elements="12" coveredelements="12"/>
      </file>
      <file name="/Users/holingpoon/devl/php/Shapes/vendor/mockery/mockery/library/Mockery/Generator/StringManipulation/Pass/ClassPass.php">
        <class name="ClassPass" namespace="Mockery\Generator\StringManipulation\Pass">
          <metrics methods="1" coveredmethods="0" conditionals="0" coveredconditionals="0" statements="21" coveredstatements="17" elements="22" coveredelements="17"/>
        </class>
        <line num="9" type="method" name="apply" crap="5.17" count="1"/>
        <line num="11" type="stmt" count="1"/>
        <line num="13" type="stmt" count="1"/>
        <line num="14" type="stmt" count="0"/>
        <line num="17" type="stmt" count="1"/>
        <line num="18" type="stmt" count="0"/>
        <line num="21" type="stmt" count="1"/>
        <line num="22" type="stmt" count="1"/>
        <line num="24" type="stmt" count="1"/>
        <line num="26" type="stmt" count="1"/>
        <line num="27" type="stmt" count="0"/>
        <line num="28" type="stmt" count="0"/>
        <line num="30" type="stmt" count="1"/>
        <line num="37" type="stmt" count="1"/>
        <line num="38" type="stmt" count="1"/>
        <line num="39" type="stmt" count="1"/>
        <line num="40" type="stmt" count="1"/>
        <line num="42" type="stmt" count="1"/>
        <line num="43" type="stmt" count="1"/>
        <line num="44" type="stmt" count="1"/>
        <line num="46" type="stmt" count="1"/>
        <line num="48" type="stmt" count="1"/>
        <metrics loc="50" ncloc="45" classes="1" methods="1" coveredmethods="0" conditionals="0" coveredconditionals="0" statements="21" coveredstatements="17" elements="22" coveredelements="17"/>
      </file>
      <file name="/Users/holingpoon/devl/php/Shapes/vendor/mockery/mockery/library/Mockery/Generator/StringManipulation/Pass/InstanceMockPass.php">
        <class name="InstanceMockPass" namespace="Mockery\Generator\StringManipulation\Pass">
          <metrics methods="2" coveredmethods="0" conditionals="0" coveredconditionals="0" statements="7" coveredstatements="2" elements="9" coveredelements="2"/>
        </class>
        <line num="35" type="method" name="apply" crap="2.50" count="1"/>
        <line num="37" type="stmt" count="1"/>
        <line num="38" type="stmt" count="0"/>
        <line num="39" type="stmt" count="0"/>
        <line num="41" type="stmt" count="1"/>
        <line num="44" type="method" name="appendToClass" crap="2" count="0"/>
        <line num="46" type="stmt" count="0"/>
        <line num="47" type="stmt" count="0"/>
        <line num="48" type="stmt" count="0"/>
        <metrics loc="50" ncloc="50" classes="1" methods="2" coveredmethods="0" conditionals="0" coveredconditionals="0" statements="7" coveredstatements="2" elements="9" coveredelements="2"/>
      </file>
      <file name="/Users/holingpoon/devl/php/Shapes/vendor/mockery/mockery/library/Mockery/Generator/StringManipulation/Pass/InterfacePass.php">
        <class name="InterfacePass" namespace="Mockery\Generator\StringManipulation\Pass">
          <metrics methods="1" coveredmethods="0" conditionals="0" coveredconditionals="0" statements="2" coveredstatements="1" elements="3" coveredelements="1"/>
        </class>
        <line num="11" type="method" name="anonymous function" crap="1.12" count="1"/>
        <line num="12" type="stmt" count="0"/>
        <line num="13" type="stmt" count="1"/>
        <line num="15" type="stmt" count="1"/>
        <line num="16" type="stmt" count="1"/>
        <line num="17" type="stmt" count="1"/>
        <line num="19" type="stmt" count="1"/>
        <line num="21" type="stmt" count="1"/>
        <metrics loc="23" ncloc="23" classes="1" methods="1" coveredmethods="0" conditionals="0" coveredconditionals="0" statements="7" coveredstatements="6" elements="8" coveredelements="6"/>
      </file>
      <file name="/Users/holingpoon/devl/php/Shapes/vendor/mockery/mockery/library/Mockery/Generator/StringManipulation/Pass/MethodDefinitionPass.php">
        <class name="MethodDefinitionPass" namespace="Mockery\Generator\StringManipulation\Pass">
          <metrics methods="4" coveredmethods="0" conditionals="0" coveredconditionals="0" statements="70" coveredstatements="3" elements="74" coveredelements="3"/>
        </class>
        <line num="10" type="method" name="apply" crap="26.83" count="1"/>
        <line num="12" type="stmt" count="1"/>
        <line num="14" type="stmt" count="0"/>
        <line num="15" type="stmt" count="0"/>
        <line num="16" type="stmt" count="0"/>
        <line num="17" type="stmt" count="0"/>
        <line num="18" type="stmt" count="0"/>
        <line num="19" type="stmt" count="0"/>
        <line num="22" type="stmt" count="0"/>
        <line num="23" type="stmt" count="0"/>
        <line num="24" type="stmt" count="0"/>
        <line num="26" type="stmt" count="0"/>
        <line num="27" type="stmt" count="0"/>
        <line num="28" type="stmt" count="0"/>
        <line num="29" type="stmt" count="0"/>
        <line num="30" type="stmt" count="0"/>
        <line num="32" type="stmt" count="0"/>
        <line num="33" type="stmt" count="1"/>
        <line num="35" type="stmt" count="1"/>
        <line num="38" type="method" name="renderParams" crap="56" count="0"/>
        <line num="40" type="stmt" count="0"/>
        <line num="41" type="stmt" count="0"/>
        <line num="42" type="stmt" count="0"/>
        <line num="44" type="stmt" count="0"/>
        <line num="45" type="stmt" count="0"/>
        <line num="47" type="stmt" count="0"/>
        <line num="49" type="stmt" count="0"/>
        <line num="50" type="stmt" count="0"/>
        <line num="51" type="stmt" count="0"/>
        <line num="52" type="stmt" count="0"/>
        <line num="53" type="stmt" count="0"/>
        <line num="54" type="stmt" count="0"/>
        <line num="56" type="stmt" count="0"/>
        <line num="57" type="stmt" count="0"/>
        <line num="58" type="stmt" count="0"/>
        <line num="59" type="stmt" count="0"/>
        <line num="60" type="stmt" count="0"/>
        <line num="62" type="stmt" count="0"/>
        <line num="63" type="stmt" count="0"/>
        <line num="64" type="stmt" count="0"/>
        <line num="67" type="method" name="appendToClass" crap="2" count="0"/>
        <line num="69" type="stmt" count="0"/>
        <line num="70" type="stmt" count="0"/>
        <line num="71" type="stmt" count="0"/>
        <line num="74" type="method" name="renderMethodBody" crap="56" count="0"/>
        <line num="76" type="stmt" count="0"/>
        <line num="82" type="stmt" count="0"/>
        <line num="87" type="stmt" count="0"/>
        <line num="88" type="stmt" count="0"/>
        <line num="89" type="stmt" count="0"/>
        <line num="90" type="stmt" count="0"/>
        <line num="91" type="stmt" count="0"/>
        <line num="92" type="stmt" count="0"/>
        <line num="93" type="stmt" count="0"/>
        <line num="94" type="stmt" count="0"/>
        <line num="95" type="stmt" count="0"/>
        <line num="98" type="stmt" count="0"/>
        <line num="101" type="stmt" count="0"/>
        <line num="102" type="stmt" count="0"/>
        <line num="103" type="stmt" count="0"/>
        <line num="104" type="stmt" count="0"/>
        <line num="105" type="stmt" count="0"/>
        <line num="106" type="stmt" count="0"/>
        <line num="107" type="stmt" count="0"/>
        <line num="108" type="stmt" count="0"/>
        <line num="109" type="stmt" count="0"/>
        <line num="110" type="stmt" count="0"/>
        <line num="114" type="stmt" count="0"/>
        <line num="117" type="stmt" count="0"/>
        <line num="118" type="stmt" count="0"/>
        <line num="121" type="stmt" count="0"/>
        <line num="123" type="stmt" count="0"/>
        <line num="124" type="stmt" count="0"/>
        <line num="125" type="stmt" count="0"/>
        <metrics loc="127" ncloc="121" classes="1" methods="4" coveredmethods="0" conditionals="0" coveredconditionals="0" statements="70" coveredstatements="3" elements="74" coveredelements="3"/>
      </file>
      <file name="/Users/holingpoon/devl/php/Shapes/vendor/mockery/mockery/library/Mockery/Generator/StringManipulation/Pass/RemoveBuiltinMethodsThatAreFinalPass.php">
        <class name="RemoveBuiltinMethodsThatAreFinalPass" namespace="Mockery\Generator\StringManipulation\Pass">
          <metrics methods="1" coveredmethods="0" conditionals="0" coveredconditionals="0" statements="9" coveredstatements="5" elements="10" coveredelements="5"/>
        </class>
        <line num="19" type="method" name="apply" crap="7.19" count="1"/>
        <line num="21" type="stmt" count="1"/>
        <line num="23" type="stmt" count="1"/>
        <line num="24" type="stmt" count="0"/>
        <line num="27" type="stmt" count="1"/>
        <line num="28" type="stmt" count="0"/>
        <line num="29" type="stmt" count="0"/>
        <line num="30" type="stmt" count="0"/>
        <line num="31" type="stmt" count="1"/>
        <line num="33" type="stmt" count="1"/>
        <metrics loc="36" ncloc="30" classes="1" methods="1" coveredmethods="0" conditionals="0" coveredconditionals="0" statements="9" coveredstatements="5" elements="10" coveredelements="5"/>
      </file>
      <file name="/Users/holingpoon/devl/php/Shapes/vendor/mockery/mockery/library/Mockery/Generator/StringManipulation/Pass/RemoveUnserializeForInternalSerializableClassesPass.php">
        <class name="RemoveUnserializeForInternalSerializableClassesPass" namespace="Mockery\Generator\StringManipulation\Pass">
          <metrics methods="2" coveredmethods="0" conditionals="0" coveredconditionals="0" statements="10" coveredstatements="4" elements="12" coveredelements="4"/>
        </class>
        <line num="17" type="method" name="apply" crap="5.26" count="1"/>
        <line num="19" type="stmt" count="1"/>
        <line num="21" type="stmt" count="1"/>
        <line num="22" type="stmt" count="0"/>
        <line num="25" type="stmt" count="1"/>
        <line num="26" type="stmt" count="1"/>
        <line num="29" type="stmt" count="0"/>
        <line num="31" type="stmt" count="0"/>
        <line num="34" type="method" name="appendToClass" crap="2" count="0"/>
        <line num="36" type="stmt" count="0"/>
        <line num="37" type="stmt" count="0"/>
        <line num="38" type="stmt" count="0"/>
        <metrics loc="40" ncloc="34" classes="1" methods="2" coveredmethods="0" conditionals="0" coveredconditionals="0" statements="10" coveredstatements="4" elements="12" coveredelements="4"/>
      </file>
    </package>
    <file name="/Users/holingpoon/devl/php/Shapes/vendor/mockery/mockery/library/Mockery/Generator/StringManipulation/Pass/Pass.php">
      <metrics loc="10" ncloc="10" classes="0" methods="0" coveredmethods="0" conditionals="0" coveredconditionals="0" statements="0" coveredstatements="0" elements="0" coveredelements="0"/>
    </file>
    <package name="Mockery\Loader">
      <file name="/Users/holingpoon/devl/php/Shapes/vendor/mockery/mockery/library/Mockery/Loader/EvalLoader.php">
        <class name="EvalLoader" namespace="Mockery\Loader">
          <metrics methods="1" coveredmethods="0" conditionals="0" coveredconditionals="0" statements="4" coveredstatements="3" elements="5" coveredelements="3"/>
        </class>
        <line num="10" type="method" name="load" crap="2.06" count="1"/>
        <line num="12" type="stmt" count="1"/>
        <line num="13" type="stmt" count="0"/>
        <line num="16" type="stmt" count="1"/>
        <line num="17" type="stmt" count="1"/>
        <metrics loc="18" ncloc="18" classes="1" methods="1" coveredmethods="0" conditionals="0" coveredconditionals="0" statements="4" coveredstatements="3" elements="5" coveredelements="3"/>
      </file>
    </package>
    <file name="/Users/holingpoon/devl/php/Shapes/vendor/mockery/mockery/library/Mockery/Loader/Loader.php">
      <metrics loc="10" ncloc="10" classes="0" methods="0" coveredmethods="0" conditionals="0" coveredconditionals="0" statements="0" coveredstatements="0" elements="0" coveredelements="0"/>
    </file>
    <file name="/Users/holingpoon/devl/php/Shapes/vendor/mockery/mockery/library/Mockery/MockInterface.php">
      <metrics loc="227" ncloc="60" classes="0" methods="0" coveredmethods="0" conditionals="0" coveredconditionals="0" statements="0" coveredstatements="0" elements="0" coveredelements="0"/>
    </file>
    <file name="/private/var/folders/x0/gfy9xzjn40z6p7m7yd35przc0000gp/T/MockeryZzMFEM">
      <class name="Triangle" namespace="global">
        <metrics methods="0" coveredmethods="0" conditionals="0" coveredconditionals="0" statements="0" coveredstatements="0" elements="0" coveredelements="0"/>
      </class>
      <metrics loc="0" ncloc="0" classes="1" methods="0" coveredmethods="0" conditionals="0" coveredconditionals="0" statements="0" coveredstatements="0" elements="0" coveredelements="0"/>
    </file>
    <metrics files="31" loc="4099" ncloc="2731" classes="26" methods="217" coveredmethods="62" conditionals="0" coveredconditionals="0" statements="1143" coveredstatements="418" elements="1360" coveredelements="480"/>
  </project>
</coverage>
